This file contains any messages produced by compilers while
running configure, to aid debugging if configure makes a mistake.

It was created by glog configure 0.4.0, which was
generated by GNU Autoconf 2.63.  Invocation command line was

  $ ./configure 

## --------- ##
## Platform. ##
## --------- ##

hostname = localhost
uname -m = x86_64
uname -r = 2.6.32-754.el6.x86_64
uname -s = Linux
uname -v = #1 SMP Tue Jun 19 21:26:04 UTC 2018

/usr/bin/uname -p = unknown
/bin/uname -X     = unknown

/bin/arch              = x86_64
/usr/bin/arch -k       = unknown
/usr/convex/getsysinfo = unknown
/usr/bin/hostinfo      = unknown
/bin/machine           = unknown
/usr/bin/oslevel       = unknown
/bin/universe          = unknown

PATH: /usr/local/bin
PATH: /usr/bin
PATH: /bin
PATH: /usr/local/sbin
PATH: /usr/sbin
PATH: /sbin
PATH: /home/xwq/bin


## ----------- ##
## Core tests. ##
## ----------- ##

configure:2141: checking for a BSD-compatible install
configure:2209: result: /usr/bin/install -c
configure:2220: checking whether build environment is sane
configure:2280: result: yes
configure:2421: checking for a thread-safe mkdir -p
configure:2460: result: /bin/mkdir -p
configure:2473: checking for gawk
configure:2489: found /usr/bin/gawk
configure:2500: result: gawk
configure:2511: checking whether make sets $(MAKE)
configure:2533: result: yes
configure:2674: checking for gcc
configure:2690: found /usr/bin/gcc
configure:2701: result: gcc
configure:2933: checking for C compiler version
configure:2941: gcc --version >&5
gcc (GCC) 4.4.7 20120313 (Red Hat 4.4.7-23)
Copyright (C) 2010 Free Software Foundation, Inc.
This is free software; see the source for copying conditions.  There is NO
warranty; not even for MERCHANTABILITY or FITNESS FOR A PARTICULAR PURPOSE.

configure:2945: $? = 0
configure:2952: gcc -v >&5
Using built-in specs.
Target: x86_64-redhat-linux
Configured with: ../configure --prefix=/usr --mandir=/usr/share/man --infodir=/usr/share/info --with-bugurl=http://bugzilla.redhat.com/bugzilla --enable-bootstrap --enable-shared --enable-threads=posix --enable-checking=release --with-system-zlib --enable-__cxa_atexit --disable-libunwind-exceptions --enable-gnu-unique-object --enable-languages=c,c++,objc,obj-c++,java,fortran,ada --enable-java-awt=gtk --disable-dssi --with-java-home=/usr/lib/jvm/java-1.5.0-gcj-1.5.0.0/jre --enable-libgcj-multifile --enable-java-maintainer-mode --with-ecj-jar=/usr/share/java/eclipse-ecj.jar --disable-libjava-multilib --with-ppl --with-cloog --with-tune=generic --with-arch_32=i686 --build=x86_64-redhat-linux
Thread model: posix
gcc version 4.4.7 20120313 (Red Hat 4.4.7-23) (GCC) 
configure:2956: $? = 0
configure:2963: gcc -V >&5
gcc: '-V' option must have argument
configure:2967: $? = 1
configure:2990: checking for C compiler default output file name
configure:3012: gcc    conftest.c  >&5
configure:3016: $? = 0
configure:3054: result: a.out
configure:3073: checking whether the C compiler works
configure:3083: ./a.out
configure:3087: $? = 0
configure:3106: result: yes
configure:3113: checking whether we are cross compiling
configure:3115: result: no
configure:3118: checking for suffix of executables
configure:3125: gcc -o conftest    conftest.c  >&5
configure:3129: $? = 0
configure:3155: result: 
configure:3161: checking for suffix of object files
configure:3187: gcc -c   conftest.c >&5
configure:3191: $? = 0
configure:3216: result: o
configure:3220: checking whether we are using the GNU C compiler
configure:3249: gcc -c   conftest.c >&5
configure:3256: $? = 0
configure:3273: result: yes
configure:3282: checking whether gcc accepts -g
configure:3312: gcc -c -g  conftest.c >&5
configure:3319: $? = 0
configure:3420: result: yes
configure:3437: checking for gcc option to accept ISO C89
configure:3511: gcc  -c -g -O2  conftest.c >&5
configure:3518: $? = 0
configure:3541: result: none needed
configure:3570: checking for style of include used by make
configure:3598: result: GNU
configure:3623: checking dependency style of gcc
configure:3733: result: gcc3
configure:3753: checking how to run the C preprocessor
configure:3793: gcc -E  conftest.c
configure:3800: $? = 0
configure:3831: gcc -E  conftest.c
conftest.c:10:28: error: ac_nonexistent.h: No such file or directory
configure:3838: $? = 1
configure: failed program was:
| /* confdefs.h.  */
| #define PACKAGE_NAME "glog"
| #define PACKAGE_TARNAME "glog"
| #define PACKAGE_VERSION "0.4.0"
| #define PACKAGE_STRING "glog 0.4.0"
| #define PACKAGE_BUGREPORT "opensource@google.com"
| #define PACKAGE "glog"
| #define VERSION "0.4.0"
| /* end confdefs.h.  */
| #include <ac_nonexistent.h>
configure:3871: result: gcc -E
configure:3900: gcc -E  conftest.c
configure:3907: $? = 0
configure:3938: gcc -E  conftest.c
conftest.c:10:28: error: ac_nonexistent.h: No such file or directory
configure:3945: $? = 1
configure: failed program was:
| /* confdefs.h.  */
| #define PACKAGE_NAME "glog"
| #define PACKAGE_TARNAME "glog"
| #define PACKAGE_VERSION "0.4.0"
| #define PACKAGE_STRING "glog 0.4.0"
| #define PACKAGE_BUGREPORT "opensource@google.com"
| #define PACKAGE "glog"
| #define VERSION "0.4.0"
| /* end confdefs.h.  */
| #include <ac_nonexistent.h>
configure:4042: checking for g++
configure:4058: found /usr/bin/g++
configure:4069: result: g++
configure:4096: checking for C++ compiler version
configure:4104: g++ --version >&5
g++ (GCC) 4.4.7 20120313 (Red Hat 4.4.7-23)
Copyright (C) 2010 Free Software Foundation, Inc.
This is free software; see the source for copying conditions.  There is NO
warranty; not even for MERCHANTABILITY or FITNESS FOR A PARTICULAR PURPOSE.

configure:4108: $? = 0
configure:4115: g++ -v >&5
Using built-in specs.
Target: x86_64-redhat-linux
Configured with: ../configure --prefix=/usr --mandir=/usr/share/man --infodir=/usr/share/info --with-bugurl=http://bugzilla.redhat.com/bugzilla --enable-bootstrap --enable-shared --enable-threads=posix --enable-checking=release --with-system-zlib --enable-__cxa_atexit --disable-libunwind-exceptions --enable-gnu-unique-object --enable-languages=c,c++,objc,obj-c++,java,fortran,ada --enable-java-awt=gtk --disable-dssi --with-java-home=/usr/lib/jvm/java-1.5.0-gcj-1.5.0.0/jre --enable-libgcj-multifile --enable-java-maintainer-mode --with-ecj-jar=/usr/share/java/eclipse-ecj.jar --disable-libjava-multilib --with-ppl --with-cloog --with-tune=generic --with-arch_32=i686 --build=x86_64-redhat-linux
Thread model: posix
gcc version 4.4.7 20120313 (Red Hat 4.4.7-23) (GCC) 
configure:4119: $? = 0
configure:4126: g++ -V >&5
g++: '-V' option must have argument
configure:4130: $? = 1
configure:4133: checking whether we are using the GNU C++ compiler
configure:4162: g++ -c   conftest.cpp >&5
configure:4169: $? = 0
configure:4186: result: yes
configure:4195: checking whether g++ accepts -g
configure:4225: g++ -c -g  conftest.cpp >&5
configure:4232: $? = 0
configure:4333: result: yes
configure:4358: checking dependency style of g++
configure:4468: result: gcc3
configure:4523: checking build system type
configure:4541: result: x86_64-unknown-linux-gnu
configure:4563: checking host system type
configure:4578: result: x86_64-unknown-linux-gnu
configure:4600: checking for a sed that does not truncate output
configure:4666: result: /bin/sed
configure:4684: checking for grep that handles long lines and -e
configure:4744: result: /bin/grep
configure:4749: checking for egrep
configure:4813: result: /bin/grep -E
configure:4818: checking for fgrep
configure:4882: result: /bin/grep -F
configure:4917: checking for ld used by gcc
configure:4984: result: /usr/bin/ld
configure:4993: checking if the linker (/usr/bin/ld) is GNU ld
configure:5008: result: yes
configure:5020: checking for BSD- or MS-compatible name lister (nm)
configure:5069: result: /usr/bin/nm -B
configure:5187: checking the name lister (/usr/bin/nm -B) interface
configure:5194: g++ -c -g -O2  conftest.cpp >&5
configure:5197: /usr/bin/nm -B "conftest.o"
configure:5200: output
0000000000000000 B some_variable
configure:5207: result: BSD nm
configure:5210: checking whether ln -s works
configure:5214: result: yes
configure:5222: checking the maximum length of command line arguments
configure:5342: result: 1966080
configure:5359: checking whether the shell understands some XSI constructs
configure:5369: result: yes
configure:5373: checking whether the shell understands "+="
configure:5379: result: yes
configure:5414: checking for /usr/bin/ld option to reload object files
configure:5421: result: -r
configure:5490: checking for objdump
configure:5506: found /usr/bin/objdump
configure:5517: result: objdump
configure:5549: checking how to recognize dependent libraries
configure:5745: result: pass_all
configure:5805: checking for ar
configure:5821: found /usr/bin/ar
configure:5832: result: ar
configure:5910: checking for strip
configure:5926: found /usr/bin/strip
configure:5937: result: strip
configure:6009: checking for ranlib
configure:6025: found /usr/bin/ranlib
configure:6036: result: ranlib
configure:6126: checking command to parse /usr/bin/nm -B output from gcc object
configure:6244: g++ -c -g -O2  conftest.cpp >&5
configure:6247: $? = 0
configure:6251: /usr/bin/nm -B conftest.o \| sed -n -e 's/^.*[	 ]\([ABCDGIRSTW][ABCDGIRSTW]*\)[	 ][	 ]*\([_A-Za-z][_A-Za-z0-9]*\)$/\1 \2 \2/p' \> conftest.nm
configure:6254: $? = 0
configure:6308: g++ -o conftest -g -O2   conftest.cpp conftstm.o >&5
configure:6311: $? = 0
configure:6349: result: ok
configure:6445: g++ -c -g -O2  conftest.cpp >&5
configure:6448: $? = 0
configure:7212: checking for ANSI C header files
configure:7242: g++ -c -g -O2  conftest.cpp >&5
configure:7249: $? = 0
./configure: line 7275: conftest.cpp: command not found
configure:7380: result: no
configure:7404: checking for sys/types.h
configure:7425: g++ -c -g -O2  conftest.cpp >&5
configure:7432: $? = 0
configure:7449: result: yes
configure:7404: checking for sys/stat.h
configure:7425: g++ -c -g -O2  conftest.cpp >&5
configure:7432: $? = 0
configure:7449: result: yes
configure:7404: checking for stdlib.h
configure:7425: g++ -c -g -O2  conftest.cpp >&5
configure:7432: $? = 0
configure:7449: result: yes
configure:7404: checking for string.h
configure:7425: g++ -c -g -O2  conftest.cpp >&5
configure:7432: $? = 0
configure:7449: result: yes
configure:7404: checking for memory.h
configure:7425: g++ -c -g -O2  conftest.cpp >&5
configure:7432: $? = 0
configure:7449: result: yes
configure:7404: checking for strings.h
configure:7425: g++ -c -g -O2  conftest.cpp >&5
configure:7432: $? = 0
configure:7449: result: yes
configure:7404: checking for inttypes.h
configure:7425: g++ -c -g -O2  conftest.cpp >&5
configure:7432: $? = 0
configure:7449: result: yes
configure:7404: checking for stdint.h
configure:7425: g++ -c -g -O2  conftest.cpp >&5
configure:7432: $? = 0
configure:7449: result: yes
configure:7404: checking for unistd.h
configure:7425: g++ -c -g -O2  conftest.cpp >&5
configure:7432: $? = 0
configure:7449: result: yes
configure:7467: checking for dlfcn.h
configure:7488: g++ -c -g -O2  conftest.cpp >&5
configure:7495: $? = 0
configure:7512: result: yes
configure:7639: checking for C++ compiler version
configure:7647: g++ --version >&5
g++ (GCC) 4.4.7 20120313 (Red Hat 4.4.7-23)
Copyright (C) 2010 Free Software Foundation, Inc.
This is free software; see the source for copying conditions.  There is NO
warranty; not even for MERCHANTABILITY or FITNESS FOR A PARTICULAR PURPOSE.

configure:7651: $? = 0
configure:7658: g++ -v >&5
Using built-in specs.
Target: x86_64-redhat-linux
Configured with: ../configure --prefix=/usr --mandir=/usr/share/man --infodir=/usr/share/info --with-bugurl=http://bugzilla.redhat.com/bugzilla --enable-bootstrap --enable-shared --enable-threads=posix --enable-checking=release --with-system-zlib --enable-__cxa_atexit --disable-libunwind-exceptions --enable-gnu-unique-object --enable-languages=c,c++,objc,obj-c++,java,fortran,ada --enable-java-awt=gtk --disable-dssi --with-java-home=/usr/lib/jvm/java-1.5.0-gcj-1.5.0.0/jre --enable-libgcj-multifile --enable-java-maintainer-mode --with-ecj-jar=/usr/share/java/eclipse-ecj.jar --disable-libjava-multilib --with-ppl --with-cloog --with-tune=generic --with-arch_32=i686 --build=x86_64-redhat-linux
Thread model: posix
gcc version 4.4.7 20120313 (Red Hat 4.4.7-23) (GCC) 
configure:7662: $? = 0
configure:7669: g++ -V >&5
g++: '-V' option must have argument
configure:7673: $? = 1
configure:7676: checking whether we are using the GNU C++ compiler
configure:7729: result: yes
configure:7738: checking whether g++ accepts -g
configure:7876: result: yes
configure:7901: checking dependency style of g++
configure:8011: result: gcc3
configure:8034: checking how to run the C++ preprocessor
configure:8070: g++ -E  conftest.cpp
configure:8077: $? = 0
configure:8108: g++ -E  conftest.cpp
conftest.cpp:20:28: error: ac_nonexistent.h: No such file or directory
configure:8115: $? = 1
configure: failed program was:
| /* confdefs.h.  */
| #define PACKAGE_NAME "glog"
| #define PACKAGE_TARNAME "glog"
| #define PACKAGE_VERSION "0.4.0"
| #define PACKAGE_STRING "glog 0.4.0"
| #define PACKAGE_BUGREPORT "opensource@google.com"
| #define PACKAGE "glog"
| #define VERSION "0.4.0"
| #define HAVE_SYS_TYPES_H 1
| #define HAVE_SYS_STAT_H 1
| #define HAVE_STDLIB_H 1
| #define HAVE_STRING_H 1
| #define HAVE_MEMORY_H 1
| #define HAVE_STRINGS_H 1
| #define HAVE_INTTYPES_H 1
| #define HAVE_STDINT_H 1
| #define HAVE_UNISTD_H 1
| #define HAVE_DLFCN_H 1
| /* end confdefs.h.  */
| #include <ac_nonexistent.h>
configure:8148: result: g++ -E
configure:8177: g++ -E  conftest.cpp
configure:8184: $? = 0
configure:8215: g++ -E  conftest.cpp
conftest.cpp:20:28: error: ac_nonexistent.h: No such file or directory
configure:8222: $? = 1
configure: failed program was:
| /* confdefs.h.  */
| #define PACKAGE_NAME "glog"
| #define PACKAGE_TARNAME "glog"
| #define PACKAGE_VERSION "0.4.0"
| #define PACKAGE_STRING "glog 0.4.0"
| #define PACKAGE_BUGREPORT "opensource@google.com"
| #define PACKAGE "glog"
| #define VERSION "0.4.0"
| #define HAVE_SYS_TYPES_H 1
| #define HAVE_SYS_STAT_H 1
| #define HAVE_STDLIB_H 1
| #define HAVE_STRING_H 1
| #define HAVE_MEMORY_H 1
| #define HAVE_STRINGS_H 1
| #define HAVE_INTTYPES_H 1
| #define HAVE_STDINT_H 1
| #define HAVE_UNISTD_H 1
| #define HAVE_DLFCN_H 1
| /* end confdefs.h.  */
| #include <ac_nonexistent.h>
configure:8436: checking for objdir
configure:8451: result: .libs
configure:8747: checking if gcc supports -fno-rtti -fno-exceptions
configure:8765: gcc -c -g -O2  -fno-rtti -fno-exceptions conftest.c >&5
cc1: warning: command line option "-fno-rtti" is valid for C++/ObjC++ but not for C
configure:8769: $? = 0
configure:8782: result: no
configure:8802: checking for gcc option to produce PIC
configure:9074: result: -fPIC -DPIC
configure:9086: checking if gcc PIC flag -fPIC -DPIC works
configure:9104: gcc -c -g -O2  -fPIC -DPIC -DPIC conftest.c >&5
configure:9108: $? = 0
configure:9121: result: yes
configure:9145: checking if gcc static flag -static works
configure:9173: result: no
configure:9188: checking if gcc supports -c -o file.o
configure:9209: gcc -c -g -O2  -o out/conftest2.o conftest.c >&5
configure:9213: $? = 0
configure:9235: result: yes
configure:9243: checking if gcc supports -c -o file.o
configure:9290: result: yes
configure:9323: checking whether the gcc linker (/usr/bin/ld -m elf_x86_64) supports shared libraries
configure:10397: result: yes
configure:10434: checking whether -lc should be explicitly linked in
configure:10439: gcc -c -g -O2  conftest.c >&5
configure:10442: $? = 0
configure:10457: gcc -shared conftest.o  -v -Wl,-soname -Wl,conftest -o conftest 2\>\&1 \| /bin/grep  -lc  \>/dev/null 2\>\&1
configure:10460: $? = 0
configure:10472: result: no
configure:10636: checking dynamic linker characteristics
configure:11079: gcc -o conftest -g -O2   -Wl,-rpath -Wl,/foo conftest.c  >&5
configure:11086: $? = 0
configure:11322: result: GNU/Linux ld.so
configure:11424: checking how to hardcode library paths into programs
configure:11449: result: immediate
configure:12282: checking whether stripping libraries is possible
configure:12287: result: yes
configure:12322: checking if libtool supports shared libraries
configure:12324: result: yes
configure:12327: checking whether to build shared libraries
configure:12348: result: yes
configure:12351: checking whether to build static libraries
configure:12355: result: yes
configure:12505: checking for ld used by g++
configure:12572: result: /usr/bin/ld -m elf_x86_64
configure:12581: checking if the linker (/usr/bin/ld -m elf_x86_64) is GNU ld
configure:12596: result: yes
configure:12651: checking whether the g++ linker (/usr/bin/ld -m elf_x86_64) supports shared libraries
configure:13626: result: yes
configure:13654: g++ -c -g -O2  conftest.cpp >&5
configure:13657: $? = 0
configure:13839: checking for g++ option to produce PIC
configure:14156: result: -fPIC -DPIC
configure:14165: checking if g++ PIC flag -fPIC -DPIC works
configure:14183: g++ -c -g -O2  -fPIC -DPIC -DPIC conftest.cpp >&5
configure:14187: $? = 0
configure:14200: result: yes
configure:14221: checking if g++ static flag -static works
configure:14249: result: no
configure:14261: checking if g++ supports -c -o file.o
configure:14282: g++ -c -g -O2  -o out/conftest2.o conftest.cpp >&5
configure:14286: $? = 0
configure:14308: result: yes
configure:14313: checking if g++ supports -c -o file.o
configure:14360: result: yes
configure:14390: checking whether the g++ linker (/usr/bin/ld -m elf_x86_64) supports shared libraries
configure:14416: result: yes
configure:14553: checking dynamic linker characteristics
configure:14944: g++ -o conftest -g -O2   -Wl,-rpath -Wl,/foo conftest.cpp  >&5
configure:14951: $? = 0
configure:15187: result: GNU/Linux ld.so
configure:15238: checking how to hardcode library paths into programs
configure:15263: result: immediate
configure:15325: checking for ANSI C header files
configure:15493: result: no
configure:15506: checking for stdint.h
configure:15511: result: yes
configure:15645: checking for sys/types.h
configure:15650: result: yes
configure:15784: checking for inttypes.h
configure:15789: result: yes
configure:15932: checking pwd.h usability
configure:15949: g++ -c -g -O2  conftest.cpp >&5
configure:15956: $? = 0
configure:15970: result: yes
configure:15974: checking pwd.h presence
configure:15989: g++ -E  conftest.cpp
configure:15996: $? = 0
configure:16010: result: yes
configure:16043: checking for pwd.h
configure:16050: result: yes
configure:16066: checking for unistd.h
configure:16073: result: yes
configure:16230: checking syscall.h usability
configure:16247: g++ -c -g -O2  conftest.cpp >&5
configure:16254: $? = 0
configure:16268: result: yes
configure:16272: checking syscall.h presence
configure:16287: g++ -E  conftest.cpp
configure:16294: $? = 0
configure:16308: result: yes
configure:16341: checking for syscall.h
configure:16350: result: yes
configure:16381: checking sys/syscall.h usability
configure:16398: g++ -c -g -O2  conftest.cpp >&5
configure:16405: $? = 0
configure:16419: result: yes
configure:16423: checking sys/syscall.h presence
configure:16438: g++ -E  conftest.cpp
configure:16445: $? = 0
configure:16459: result: yes
configure:16492: checking for sys/syscall.h
configure:16501: result: yes
configure:16533: checking execinfo.h usability
configure:16550: g++ -c -g -O2  conftest.cpp >&5
configure:16557: $? = 0
configure:16571: result: yes
configure:16575: checking execinfo.h presence
configure:16590: g++ -E  conftest.cpp
configure:16597: $? = 0
configure:16611: result: yes
configure:16644: checking for execinfo.h
configure:16653: result: yes
configure:16685: checking libunwind.h usability
configure:16702: g++ -c -g -O2  conftest.cpp >&5
conftest.cpp:58:23: error: libunwind.h: No such file or directory
configure:16709: $? = 1
configure: failed program was:
| /* confdefs.h.  */
| #define PACKAGE_NAME "glog"
| #define PACKAGE_TARNAME "glog"
| #define PACKAGE_VERSION "0.4.0"
| #define PACKAGE_STRING "glog 0.4.0"
| #define PACKAGE_BUGREPORT "opensource@google.com"
| #define PACKAGE "glog"
| #define VERSION "0.4.0"
| #define HAVE_SYS_TYPES_H 1
| #define HAVE_SYS_STAT_H 1
| #define HAVE_STDLIB_H 1
| #define HAVE_STRING_H 1
| #define HAVE_MEMORY_H 1
| #define HAVE_STRINGS_H 1
| #define HAVE_INTTYPES_H 1
| #define HAVE_STDINT_H 1
| #define HAVE_UNISTD_H 1
| #define HAVE_DLFCN_H 1
| #define LT_OBJDIR ".libs/"
| #define HAVE_UNISTD_H 1
| #define HAVE_SYSCALL_H 1
| #define HAVE_SYS_SYSCALL_H 1
| #define HAVE_EXECINFO_H 1
| /* end confdefs.h.  */
| #include <stdio.h>
| #ifdef HAVE_SYS_TYPES_H
| # include <sys/types.h>
| #endif
| #ifdef HAVE_SYS_STAT_H
| # include <sys/stat.h>
| #endif
| #ifdef STDC_HEADERS
| # include <stdlib.h>
| # include <stddef.h>
| #else
| # ifdef HAVE_STDLIB_H
| #  include <stdlib.h>
| # endif
| #endif
| #ifdef HAVE_STRING_H
| # if !defined STDC_HEADERS && defined HAVE_MEMORY_H
| #  include <memory.h>
| # endif
| # include <string.h>
| #endif
| #ifdef HAVE_STRINGS_H
| # include <strings.h>
| #endif
| #ifdef HAVE_INTTYPES_H
| # include <inttypes.h>
| #endif
| #ifdef HAVE_STDINT_H
| # include <stdint.h>
| #endif
| #ifdef HAVE_UNISTD_H
| # include <unistd.h>
| #endif
| #include <libunwind.h>
configure:16723: result: no
configure:16727: checking libunwind.h presence
configure:16742: g++ -E  conftest.cpp
conftest.cpp:25:23: error: libunwind.h: No such file or directory
configure:16749: $? = 1
configure: failed program was:
| /* confdefs.h.  */
| #define PACKAGE_NAME "glog"
| #define PACKAGE_TARNAME "glog"
| #define PACKAGE_VERSION "0.4.0"
| #define PACKAGE_STRING "glog 0.4.0"
| #define PACKAGE_BUGREPORT "opensource@google.com"
| #define PACKAGE "glog"
| #define VERSION "0.4.0"
| #define HAVE_SYS_TYPES_H 1
| #define HAVE_SYS_STAT_H 1
| #define HAVE_STDLIB_H 1
| #define HAVE_STRING_H 1
| #define HAVE_MEMORY_H 1
| #define HAVE_STRINGS_H 1
| #define HAVE_INTTYPES_H 1
| #define HAVE_STDINT_H 1
| #define HAVE_UNISTD_H 1
| #define HAVE_DLFCN_H 1
| #define LT_OBJDIR ".libs/"
| #define HAVE_UNISTD_H 1
| #define HAVE_SYSCALL_H 1
| #define HAVE_SYS_SYSCALL_H 1
| #define HAVE_EXECINFO_H 1
| /* end confdefs.h.  */
| #include <libunwind.h>
configure:16763: result: no
configure:16796: checking for libunwind.h
configure:16805: result: no
configure:16838: checking ucontext.h usability
configure:16855: g++ -c -g -O2  conftest.cpp >&5
configure:16862: $? = 0
configure:16876: result: yes
configure:16880: checking ucontext.h presence
configure:16895: g++ -E  conftest.cpp
configure:16902: $? = 0
configure:16916: result: yes
configure:16949: checking for ucontext.h
configure:16958: result: yes
configure:16989: checking sys/utsname.h usability
configure:17006: g++ -c -g -O2  conftest.cpp >&5
configure:17013: $? = 0
configure:17027: result: yes
configure:17031: checking sys/utsname.h presence
configure:17046: g++ -E  conftest.cpp
configure:17053: $? = 0
configure:17067: result: yes
configure:17100: checking for sys/utsname.h
configure:17109: result: yes
configure:17129: checking for pwd.h
configure:17136: result: yes
configure:17291: checking syslog.h usability
configure:17308: g++ -c -g -O2  conftest.cpp >&5
configure:17315: $? = 0
configure:17329: result: yes
configure:17333: checking syslog.h presence
configure:17348: g++ -E  conftest.cpp
configure:17355: $? = 0
configure:17369: result: yes
configure:17402: checking for syslog.h
configure:17411: result: yes
configure:17442: checking sys/time.h usability
configure:17459: g++ -c -g -O2  conftest.cpp >&5
configure:17466: $? = 0
configure:17480: result: yes
configure:17484: checking sys/time.h presence
configure:17499: g++ -E  conftest.cpp
configure:17506: $? = 0
configure:17520: result: yes
configure:17553: checking for sys/time.h
configure:17562: result: yes
configure:17593: checking glob.h usability
configure:17610: g++ -c -g -O2  conftest.cpp >&5
configure:17617: $? = 0
configure:17631: result: yes
configure:17635: checking glob.h presence
configure:17650: g++ -E  conftest.cpp
configure:17657: $? = 0
configure:17671: result: yes
configure:17704: checking for glob.h
configure:17713: result: yes
configure:17745: checking unwind.h usability
configure:17762: g++ -c -g -O2  conftest.cpp >&5
configure:17769: $? = 0
configure:17783: result: yes
configure:17787: checking unwind.h presence
configure:17802: g++ -E  conftest.cpp
configure:17809: $? = 0
configure:17823: result: yes
configure:17856: checking for unwind.h
configure:17865: result: yes
configure:17891: checking windows.h usability
configure:17908: g++ -c -g -O2  conftest.cpp >&5
conftest.cpp:65:21: error: windows.h: No such file or directory
configure:17915: $? = 1
configure: failed program was:
| /* confdefs.h.  */
| #define PACKAGE_NAME "glog"
| #define PACKAGE_TARNAME "glog"
| #define PACKAGE_VERSION "0.4.0"
| #define PACKAGE_STRING "glog 0.4.0"
| #define PACKAGE_BUGREPORT "opensource@google.com"
| #define PACKAGE "glog"
| #define VERSION "0.4.0"
| #define HAVE_SYS_TYPES_H 1
| #define HAVE_SYS_STAT_H 1
| #define HAVE_STDLIB_H 1
| #define HAVE_STRING_H 1
| #define HAVE_MEMORY_H 1
| #define HAVE_STRINGS_H 1
| #define HAVE_INTTYPES_H 1
| #define HAVE_STDINT_H 1
| #define HAVE_UNISTD_H 1
| #define HAVE_DLFCN_H 1
| #define LT_OBJDIR ".libs/"
| #define HAVE_UNISTD_H 1
| #define HAVE_SYSCALL_H 1
| #define HAVE_SYS_SYSCALL_H 1
| #define HAVE_EXECINFO_H 1
| #define HAVE_UCONTEXT_H 1
| #define HAVE_SYS_UTSNAME_H 1
| #define HAVE_PWD_H 1
| #define HAVE_SYSLOG_H 1
| #define HAVE_SYS_TIME_H 1
| #define HAVE_GLOB_H 1
| #define HAVE_UNWIND_H 1
| /* end confdefs.h.  */
| #include <stdio.h>
| #ifdef HAVE_SYS_TYPES_H
| # include <sys/types.h>
| #endif
| #ifdef HAVE_SYS_STAT_H
| # include <sys/stat.h>
| #endif
| #ifdef STDC_HEADERS
| # include <stdlib.h>
| # include <stddef.h>
| #else
| # ifdef HAVE_STDLIB_H
| #  include <stdlib.h>
| # endif
| #endif
| #ifdef HAVE_STRING_H
| # if !defined STDC_HEADERS && defined HAVE_MEMORY_H
| #  include <memory.h>
| # endif
| # include <string.h>
| #endif
| #ifdef HAVE_STRINGS_H
| # include <strings.h>
| #endif
| #ifdef HAVE_INTTYPES_H
| # include <inttypes.h>
| #endif
| #ifdef HAVE_STDINT_H
| # include <stdint.h>
| #endif
| #ifdef HAVE_UNISTD_H
| # include <unistd.h>
| #endif
| #include <windows.h>
configure:17929: result: no
configure:17933: checking windows.h presence
configure:17948: g++ -E  conftest.cpp
conftest.cpp:32:21: error: windows.h: No such file or directory
configure:17955: $? = 1
configure: failed program was:
| /* confdefs.h.  */
| #define PACKAGE_NAME "glog"
| #define PACKAGE_TARNAME "glog"
| #define PACKAGE_VERSION "0.4.0"
| #define PACKAGE_STRING "glog 0.4.0"
| #define PACKAGE_BUGREPORT "opensource@google.com"
| #define PACKAGE "glog"
| #define VERSION "0.4.0"
| #define HAVE_SYS_TYPES_H 1
| #define HAVE_SYS_STAT_H 1
| #define HAVE_STDLIB_H 1
| #define HAVE_STRING_H 1
| #define HAVE_MEMORY_H 1
| #define HAVE_STRINGS_H 1
| #define HAVE_INTTYPES_H 1
| #define HAVE_STDINT_H 1
| #define HAVE_UNISTD_H 1
| #define HAVE_DLFCN_H 1
| #define LT_OBJDIR ".libs/"
| #define HAVE_UNISTD_H 1
| #define HAVE_SYSCALL_H 1
| #define HAVE_SYS_SYSCALL_H 1
| #define HAVE_EXECINFO_H 1
| #define HAVE_UCONTEXT_H 1
| #define HAVE_SYS_UTSNAME_H 1
| #define HAVE_PWD_H 1
| #define HAVE_SYSLOG_H 1
| #define HAVE_SYS_TIME_H 1
| #define HAVE_GLOB_H 1
| #define HAVE_UNWIND_H 1
| /* end confdefs.h.  */
| #include <windows.h>
configure:17969: result: no
configure:18002: checking for windows.h
configure:18009: result: no
configure:18028: checking size of void *
configure:18333: g++ -o conftest -g -O2   conftest.cpp  >&5
configure:18337: $? = 0
configure:18343: ./conftest
configure:18347: $? = 0
configure:18373: result: 8
configure:18386: checking for uint16_t
configure:18414: g++ -c -g -O2  conftest.cpp >&5
configure:18421: $? = 0
configure:18448: g++ -c -g -O2  conftest.cpp >&5
conftest.cpp: In function 'int main()':
conftest.cpp:69: error: expected primary-expression before ')' token
configure:18455: $? = 1
configure: failed program was:
| /* confdefs.h.  */
| #define PACKAGE_NAME "glog"
| #define PACKAGE_TARNAME "glog"
| #define PACKAGE_VERSION "0.4.0"
| #define PACKAGE_STRING "glog 0.4.0"
| #define PACKAGE_BUGREPORT "opensource@google.com"
| #define PACKAGE "glog"
| #define VERSION "0.4.0"
| #define HAVE_SYS_TYPES_H 1
| #define HAVE_SYS_STAT_H 1
| #define HAVE_STDLIB_H 1
| #define HAVE_STRING_H 1
| #define HAVE_MEMORY_H 1
| #define HAVE_STRINGS_H 1
| #define HAVE_INTTYPES_H 1
| #define HAVE_STDINT_H 1
| #define HAVE_UNISTD_H 1
| #define HAVE_DLFCN_H 1
| #define LT_OBJDIR ".libs/"
| #define HAVE_UNISTD_H 1
| #define HAVE_SYSCALL_H 1
| #define HAVE_SYS_SYSCALL_H 1
| #define HAVE_EXECINFO_H 1
| #define HAVE_UCONTEXT_H 1
| #define HAVE_SYS_UTSNAME_H 1
| #define HAVE_PWD_H 1
| #define HAVE_SYSLOG_H 1
| #define HAVE_SYS_TIME_H 1
| #define HAVE_GLOB_H 1
| #define HAVE_UNWIND_H 1
| #define SIZEOF_VOID_P 8
| /* end confdefs.h.  */
| #include <stdio.h>
| #ifdef HAVE_SYS_TYPES_H
| # include <sys/types.h>
| #endif
| #ifdef HAVE_SYS_STAT_H
| # include <sys/stat.h>
| #endif
| #ifdef STDC_HEADERS
| # include <stdlib.h>
| # include <stddef.h>
| #else
| # ifdef HAVE_STDLIB_H
| #  include <stdlib.h>
| # endif
| #endif
| #ifdef HAVE_STRING_H
| # if !defined STDC_HEADERS && defined HAVE_MEMORY_H
| #  include <memory.h>
| # endif
| # include <string.h>
| #endif
| #ifdef HAVE_STRINGS_H
| # include <strings.h>
| #endif
| #ifdef HAVE_INTTYPES_H
| # include <inttypes.h>
| #endif
| #ifdef HAVE_STDINT_H
| # include <stdint.h>
| #endif
| #ifdef HAVE_UNISTD_H
| # include <unistd.h>
| #endif
| int
| main ()
| {
| if (sizeof ((uint16_t)))
| 	  return 0;
|   ;
|   return 0;
| }
configure:18478: result: yes
configure:18486: checking for u_int16_t
configure:18514: g++ -c -g -O2  conftest.cpp >&5
configure:18521: $? = 0
configure:18548: g++ -c -g -O2  conftest.cpp >&5
conftest.cpp: In function 'int main()':
conftest.cpp:69: error: expected primary-expression before ')' token
configure:18555: $? = 1
configure: failed program was:
| /* confdefs.h.  */
| #define PACKAGE_NAME "glog"
| #define PACKAGE_TARNAME "glog"
| #define PACKAGE_VERSION "0.4.0"
| #define PACKAGE_STRING "glog 0.4.0"
| #define PACKAGE_BUGREPORT "opensource@google.com"
| #define PACKAGE "glog"
| #define VERSION "0.4.0"
| #define HAVE_SYS_TYPES_H 1
| #define HAVE_SYS_STAT_H 1
| #define HAVE_STDLIB_H 1
| #define HAVE_STRING_H 1
| #define HAVE_MEMORY_H 1
| #define HAVE_STRINGS_H 1
| #define HAVE_INTTYPES_H 1
| #define HAVE_STDINT_H 1
| #define HAVE_UNISTD_H 1
| #define HAVE_DLFCN_H 1
| #define LT_OBJDIR ".libs/"
| #define HAVE_UNISTD_H 1
| #define HAVE_SYSCALL_H 1
| #define HAVE_SYS_SYSCALL_H 1
| #define HAVE_EXECINFO_H 1
| #define HAVE_UCONTEXT_H 1
| #define HAVE_SYS_UTSNAME_H 1
| #define HAVE_PWD_H 1
| #define HAVE_SYSLOG_H 1
| #define HAVE_SYS_TIME_H 1
| #define HAVE_GLOB_H 1
| #define HAVE_UNWIND_H 1
| #define SIZEOF_VOID_P 8
| /* end confdefs.h.  */
| #include <stdio.h>
| #ifdef HAVE_SYS_TYPES_H
| # include <sys/types.h>
| #endif
| #ifdef HAVE_SYS_STAT_H
| # include <sys/stat.h>
| #endif
| #ifdef STDC_HEADERS
| # include <stdlib.h>
| # include <stddef.h>
| #else
| # ifdef HAVE_STDLIB_H
| #  include <stdlib.h>
| # endif
| #endif
| #ifdef HAVE_STRING_H
| # if !defined STDC_HEADERS && defined HAVE_MEMORY_H
| #  include <memory.h>
| # endif
| # include <string.h>
| #endif
| #ifdef HAVE_STRINGS_H
| # include <strings.h>
| #endif
| #ifdef HAVE_INTTYPES_H
| # include <inttypes.h>
| #endif
| #ifdef HAVE_STDINT_H
| # include <stdint.h>
| #endif
| #ifdef HAVE_UNISTD_H
| # include <unistd.h>
| #endif
| int
| main ()
| {
| if (sizeof ((u_int16_t)))
| 	  return 0;
|   ;
|   return 0;
| }
configure:18578: result: yes
configure:18586: checking for __uint16
configure:18614: g++ -c -g -O2  conftest.cpp >&5
conftest.cpp: In function 'int main()':
conftest.cpp:69: error: '__uint16' was not declared in this scope
configure:18621: $? = 1
configure: failed program was:
| /* confdefs.h.  */
| #define PACKAGE_NAME "glog"
| #define PACKAGE_TARNAME "glog"
| #define PACKAGE_VERSION "0.4.0"
| #define PACKAGE_STRING "glog 0.4.0"
| #define PACKAGE_BUGREPORT "opensource@google.com"
| #define PACKAGE "glog"
| #define VERSION "0.4.0"
| #define HAVE_SYS_TYPES_H 1
| #define HAVE_SYS_STAT_H 1
| #define HAVE_STDLIB_H 1
| #define HAVE_STRING_H 1
| #define HAVE_MEMORY_H 1
| #define HAVE_STRINGS_H 1
| #define HAVE_INTTYPES_H 1
| #define HAVE_STDINT_H 1
| #define HAVE_UNISTD_H 1
| #define HAVE_DLFCN_H 1
| #define LT_OBJDIR ".libs/"
| #define HAVE_UNISTD_H 1
| #define HAVE_SYSCALL_H 1
| #define HAVE_SYS_SYSCALL_H 1
| #define HAVE_EXECINFO_H 1
| #define HAVE_UCONTEXT_H 1
| #define HAVE_SYS_UTSNAME_H 1
| #define HAVE_PWD_H 1
| #define HAVE_SYSLOG_H 1
| #define HAVE_SYS_TIME_H 1
| #define HAVE_GLOB_H 1
| #define HAVE_UNWIND_H 1
| #define SIZEOF_VOID_P 8
| /* end confdefs.h.  */
| #include <stdio.h>
| #ifdef HAVE_SYS_TYPES_H
| # include <sys/types.h>
| #endif
| #ifdef HAVE_SYS_STAT_H
| # include <sys/stat.h>
| #endif
| #ifdef STDC_HEADERS
| # include <stdlib.h>
| # include <stddef.h>
| #else
| # ifdef HAVE_STDLIB_H
| #  include <stdlib.h>
| # endif
| #endif
| #ifdef HAVE_STRING_H
| # if !defined STDC_HEADERS && defined HAVE_MEMORY_H
| #  include <memory.h>
| # endif
| # include <string.h>
| #endif
| #ifdef HAVE_STRINGS_H
| # include <strings.h>
| #endif
| #ifdef HAVE_INTTYPES_H
| # include <inttypes.h>
| #endif
| #ifdef HAVE_STDINT_H
| # include <stdint.h>
| #endif
| #ifdef HAVE_UNISTD_H
| # include <unistd.h>
| #endif
| int
| main ()
| {
| if (sizeof (__uint16))
|        return 0;
|   ;
|   return 0;
| }
configure:18678: result: no
configure:18687: checking for sigaltstack
configure:18743: g++ -o conftest -g -O2   conftest.cpp  >&5
configure:18750: $? = 0
configure:18770: result: yes
configure:18780: checking for sigaction
configure:18836: g++ -o conftest -g -O2   conftest.cpp  >&5
configure:18843: $? = 0
configure:18863: result: yes
configure:18873: checking for dladdr
configure:18929: g++ -o conftest -g -O2   conftest.cpp  >&5
/tmp/ccTNobba.o: In function `main':
/home/xwq/glog/conftest.cpp:69: undefined reference to `dladdr'
collect2: ld returned 1 exit status
configure:18936: $? = 1
configure: failed program was:
| /* confdefs.h.  */
| #define PACKAGE_NAME "glog"
| #define PACKAGE_TARNAME "glog"
| #define PACKAGE_VERSION "0.4.0"
| #define PACKAGE_STRING "glog 0.4.0"
| #define PACKAGE_BUGREPORT "opensource@google.com"
| #define PACKAGE "glog"
| #define VERSION "0.4.0"
| #define HAVE_SYS_TYPES_H 1
| #define HAVE_SYS_STAT_H 1
| #define HAVE_STDLIB_H 1
| #define HAVE_STRING_H 1
| #define HAVE_MEMORY_H 1
| #define HAVE_STRINGS_H 1
| #define HAVE_INTTYPES_H 1
| #define HAVE_STDINT_H 1
| #define HAVE_UNISTD_H 1
| #define HAVE_DLFCN_H 1
| #define LT_OBJDIR ".libs/"
| #define HAVE_UNISTD_H 1
| #define HAVE_SYSCALL_H 1
| #define HAVE_SYS_SYSCALL_H 1
| #define HAVE_EXECINFO_H 1
| #define HAVE_UCONTEXT_H 1
| #define HAVE_SYS_UTSNAME_H 1
| #define HAVE_PWD_H 1
| #define HAVE_SYSLOG_H 1
| #define HAVE_SYS_TIME_H 1
| #define HAVE_GLOB_H 1
| #define HAVE_UNWIND_H 1
| #define SIZEOF_VOID_P 8
| #define HAVE_SIGALTSTACK 1
| #define HAVE_SIGACTION 1
| /* end confdefs.h.  */
| /* Define dladdr to an innocuous variant, in case <limits.h> declares dladdr.
|    For example, HP-UX 11i <limits.h> declares gettimeofday.  */
| #define dladdr innocuous_dladdr
| 
| /* System header to define __stub macros and hopefully few prototypes,
|     which can conflict with char dladdr (); below.
|     Prefer <limits.h> to <assert.h> if __STDC__ is defined, since
|     <limits.h> exists even on freestanding compilers.  */
| 
| #ifdef __STDC__
| # include <limits.h>
| #else
| # include <assert.h>
| #endif
| 
| #undef dladdr
| 
| /* Override any GCC internal prototype to avoid an error.
|    Use char because int might match the return type of a GCC
|    builtin and then its argument prototype would still apply.  */
| #ifdef __cplusplus
| extern "C"
| #endif
| char dladdr ();
| /* The GNU C library defines this for functions which it implements
|     to always fail with ENOSYS.  Some functions are actually named
|     something starting with __ and the normal name is an alias.  */
| #if defined __stub_dladdr || defined __stub___dladdr
| choke me
| #endif
| 
| int
| main ()
| {
| return dladdr ();
|   ;
|   return 0;
| }
configure:18956: result: no
configure:18966: checking for fcntl
configure:19022: g++ -o conftest -g -O2   conftest.cpp  >&5
configure:19029: $? = 0
configure:19049: result: yes
configure:19059: checking for pread
configure:19115: g++ -o conftest -g -O2   conftest.cpp  >&5
configure:19122: $? = 0
configure:19142: result: yes
configure:19152: checking for pwrite
configure:19208: g++ -o conftest -g -O2   conftest.cpp  >&5
configure:19215: $? = 0
configure:19235: result: yes
configure:19247: checking for __attribute__
configure:19276: g++ -c -g -O2  conftest.cpp >&5
configure:19283: $? = 0
configure:19307: result: yes
configure:19322: checking for __builtin_expect
configure:19349: g++ -c -g -O2  conftest.cpp >&5
configure:19356: $? = 0
configure:19380: result: yes
configure:19390: checking for __sync_val_compare_and_swap
configure:19417: g++ -o conftest -g -O2   conftest.cpp  >&5
configure:19424: $? = 0
configure:19453: result: yes
configure:19487: g++ -c -g -O2  conftest.cpp >&5
configure:19494: $? = 0
configure:19743: checking for the pthreads library -lpthreads
configure:19786: gcc -o conftest -g -O2    conftest.c -lpthreads  >&5
/usr/bin/ld: cannot find -lpthreads
collect2: ld returned 1 exit status
configure:19793: $? = 1
configure: failed program was:
| /* confdefs.h.  */
| #define PACKAGE_NAME "glog"
| #define PACKAGE_TARNAME "glog"
| #define PACKAGE_VERSION "0.4.0"
| #define PACKAGE_STRING "glog 0.4.0"
| #define PACKAGE_BUGREPORT "opensource@google.com"
| #define PACKAGE "glog"
| #define VERSION "0.4.0"
| #define HAVE_SYS_TYPES_H 1
| #define HAVE_SYS_STAT_H 1
| #define HAVE_STDLIB_H 1
| #define HAVE_STRING_H 1
| #define HAVE_MEMORY_H 1
| #define HAVE_STRINGS_H 1
| #define HAVE_INTTYPES_H 1
| #define HAVE_STDINT_H 1
| #define HAVE_UNISTD_H 1
| #define HAVE_DLFCN_H 1
| #define LT_OBJDIR ".libs/"
| #define HAVE_UNISTD_H 1
| #define HAVE_SYSCALL_H 1
| #define HAVE_SYS_SYSCALL_H 1
| #define HAVE_EXECINFO_H 1
| #define HAVE_UCONTEXT_H 1
| #define HAVE_SYS_UTSNAME_H 1
| #define HAVE_PWD_H 1
| #define HAVE_SYSLOG_H 1
| #define HAVE_SYS_TIME_H 1
| #define HAVE_GLOB_H 1
| #define HAVE_UNWIND_H 1
| #define SIZEOF_VOID_P 8
| #define HAVE_SIGALTSTACK 1
| #define HAVE_SIGACTION 1
| #define HAVE_FCNTL 1
| #define HAVE_PREAD 1
| #define HAVE_PWRITE 1
| #define HAVE___ATTRIBUTE__ 1
| #define HAVE___BUILTIN_EXPECT 1
| #define HAVE___SYNC_VAL_COMPARE_AND_SWAP 1
| /* end confdefs.h.  */
| #include <pthread.h>
| int
| main ()
| {
| pthread_t th; pthread_join(th, 0);
|                      pthread_attr_init(0); pthread_cleanup_push(0, 0);
|                      pthread_create(0,0,0,0); pthread_cleanup_pop(0);
|   ;
|   return 0;
| }
configure:19816: result: no
configure:19688: checking whether pthreads work without any flags
configure:19786: gcc -o conftest -g -O2    conftest.c   >&5
/tmp/ccTitjBz.o: In function `main':
/home/xwq/glog/conftest.c:45: undefined reference to `pthread_join'
/home/xwq/glog/conftest.c:46: undefined reference to `__pthread_register_cancel'
/home/xwq/glog/conftest.c:47: undefined reference to `pthread_create'
/home/xwq/glog/conftest.c:47: undefined reference to `__pthread_unregister_cancel'
collect2: ld returned 1 exit status
configure:19793: $? = 1
configure: failed program was:
| /* confdefs.h.  */
| #define PACKAGE_NAME "glog"
| #define PACKAGE_TARNAME "glog"
| #define PACKAGE_VERSION "0.4.0"
| #define PACKAGE_STRING "glog 0.4.0"
| #define PACKAGE_BUGREPORT "opensource@google.com"
| #define PACKAGE "glog"
| #define VERSION "0.4.0"
| #define HAVE_SYS_TYPES_H 1
| #define HAVE_SYS_STAT_H 1
| #define HAVE_STDLIB_H 1
| #define HAVE_STRING_H 1
| #define HAVE_MEMORY_H 1
| #define HAVE_STRINGS_H 1
| #define HAVE_INTTYPES_H 1
| #define HAVE_STDINT_H 1
| #define HAVE_UNISTD_H 1
| #define HAVE_DLFCN_H 1
| #define LT_OBJDIR ".libs/"
| #define HAVE_UNISTD_H 1
| #define HAVE_SYSCALL_H 1
| #define HAVE_SYS_SYSCALL_H 1
| #define HAVE_EXECINFO_H 1
| #define HAVE_UCONTEXT_H 1
| #define HAVE_SYS_UTSNAME_H 1
| #define HAVE_PWD_H 1
| #define HAVE_SYSLOG_H 1
| #define HAVE_SYS_TIME_H 1
| #define HAVE_GLOB_H 1
| #define HAVE_UNWIND_H 1
| #define SIZEOF_VOID_P 8
| #define HAVE_SIGALTSTACK 1
| #define HAVE_SIGACTION 1
| #define HAVE_FCNTL 1
| #define HAVE_PREAD 1
| #define HAVE_PWRITE 1
| #define HAVE___ATTRIBUTE__ 1
| #define HAVE___BUILTIN_EXPECT 1
| #define HAVE___SYNC_VAL_COMPARE_AND_SWAP 1
| /* end confdefs.h.  */
| #include <pthread.h>
| int
| main ()
| {
| pthread_t th; pthread_join(th, 0);
|                      pthread_attr_init(0); pthread_cleanup_push(0, 0);
|                      pthread_create(0,0,0,0); pthread_cleanup_pop(0);
|   ;
|   return 0;
| }
configure:19816: result: no
configure:19693: checking whether pthreads work with -Kthread
configure:19786: gcc -o conftest -g -O2 -Kthread   conftest.c   >&5
gcc: unrecognized option '-Kthread'
/tmp/ccjAYhHC.o: In function `main':
/home/xwq/glog/conftest.c:45: undefined reference to `pthread_join'
/home/xwq/glog/conftest.c:46: undefined reference to `__pthread_register_cancel'
/home/xwq/glog/conftest.c:47: undefined reference to `pthread_create'
/home/xwq/glog/conftest.c:47: undefined reference to `__pthread_unregister_cancel'
collect2: ld returned 1 exit status
configure:19793: $? = 1
configure: failed program was:
| /* confdefs.h.  */
| #define PACKAGE_NAME "glog"
| #define PACKAGE_TARNAME "glog"
| #define PACKAGE_VERSION "0.4.0"
| #define PACKAGE_STRING "glog 0.4.0"
| #define PACKAGE_BUGREPORT "opensource@google.com"
| #define PACKAGE "glog"
| #define VERSION "0.4.0"
| #define HAVE_SYS_TYPES_H 1
| #define HAVE_SYS_STAT_H 1
| #define HAVE_STDLIB_H 1
| #define HAVE_STRING_H 1
| #define HAVE_MEMORY_H 1
| #define HAVE_STRINGS_H 1
| #define HAVE_INTTYPES_H 1
| #define HAVE_STDINT_H 1
| #define HAVE_UNISTD_H 1
| #define HAVE_DLFCN_H 1
| #define LT_OBJDIR ".libs/"
| #define HAVE_UNISTD_H 1
| #define HAVE_SYSCALL_H 1
| #define HAVE_SYS_SYSCALL_H 1
| #define HAVE_EXECINFO_H 1
| #define HAVE_UCONTEXT_H 1
| #define HAVE_SYS_UTSNAME_H 1
| #define HAVE_PWD_H 1
| #define HAVE_SYSLOG_H 1
| #define HAVE_SYS_TIME_H 1
| #define HAVE_GLOB_H 1
| #define HAVE_UNWIND_H 1
| #define SIZEOF_VOID_P 8
| #define HAVE_SIGALTSTACK 1
| #define HAVE_SIGACTION 1
| #define HAVE_FCNTL 1
| #define HAVE_PREAD 1
| #define HAVE_PWRITE 1
| #define HAVE___ATTRIBUTE__ 1
| #define HAVE___BUILTIN_EXPECT 1
| #define HAVE___SYNC_VAL_COMPARE_AND_SWAP 1
| /* end confdefs.h.  */
| #include <pthread.h>
| int
| main ()
| {
| pthread_t th; pthread_join(th, 0);
|                      pthread_attr_init(0); pthread_cleanup_push(0, 0);
|                      pthread_create(0,0,0,0); pthread_cleanup_pop(0);
|   ;
|   return 0;
| }
configure:19816: result: no
configure:19693: checking whether pthreads work with -kthread
configure:19786: gcc -o conftest -g -O2 -kthread   conftest.c   >&5
gcc: unrecognized option '-kthread'
/tmp/ccKtsfUI.o: In function `main':
/home/xwq/glog/conftest.c:45: undefined reference to `pthread_join'
/home/xwq/glog/conftest.c:46: undefined reference to `__pthread_register_cancel'
/home/xwq/glog/conftest.c:47: undefined reference to `pthread_create'
/home/xwq/glog/conftest.c:47: undefined reference to `__pthread_unregister_cancel'
collect2: ld returned 1 exit status
configure:19793: $? = 1
configure: failed program was:
| /* confdefs.h.  */
| #define PACKAGE_NAME "glog"
| #define PACKAGE_TARNAME "glog"
| #define PACKAGE_VERSION "0.4.0"
| #define PACKAGE_STRING "glog 0.4.0"
| #define PACKAGE_BUGREPORT "opensource@google.com"
| #define PACKAGE "glog"
| #define VERSION "0.4.0"
| #define HAVE_SYS_TYPES_H 1
| #define HAVE_SYS_STAT_H 1
| #define HAVE_STDLIB_H 1
| #define HAVE_STRING_H 1
| #define HAVE_MEMORY_H 1
| #define HAVE_STRINGS_H 1
| #define HAVE_INTTYPES_H 1
| #define HAVE_STDINT_H 1
| #define HAVE_UNISTD_H 1
| #define HAVE_DLFCN_H 1
| #define LT_OBJDIR ".libs/"
| #define HAVE_UNISTD_H 1
| #define HAVE_SYSCALL_H 1
| #define HAVE_SYS_SYSCALL_H 1
| #define HAVE_EXECINFO_H 1
| #define HAVE_UCONTEXT_H 1
| #define HAVE_SYS_UTSNAME_H 1
| #define HAVE_PWD_H 1
| #define HAVE_SYSLOG_H 1
| #define HAVE_SYS_TIME_H 1
| #define HAVE_GLOB_H 1
| #define HAVE_UNWIND_H 1
| #define SIZEOF_VOID_P 8
| #define HAVE_SIGALTSTACK 1
| #define HAVE_SIGACTION 1
| #define HAVE_FCNTL 1
| #define HAVE_PREAD 1
| #define HAVE_PWRITE 1
| #define HAVE___ATTRIBUTE__ 1
| #define HAVE___BUILTIN_EXPECT 1
| #define HAVE___SYNC_VAL_COMPARE_AND_SWAP 1
| /* end confdefs.h.  */
| #include <pthread.h>
| int
| main ()
| {
| pthread_t th; pthread_join(th, 0);
|                      pthread_attr_init(0); pthread_cleanup_push(0, 0);
|                      pthread_create(0,0,0,0); pthread_cleanup_pop(0);
|   ;
|   return 0;
| }
configure:19816: result: no
configure:19743: checking for the pthreads library -llthread
configure:19786: gcc -o conftest -g -O2    conftest.c -llthread  >&5
/usr/bin/ld: cannot find -llthread
collect2: ld returned 1 exit status
configure:19793: $? = 1
configure: failed program was:
| /* confdefs.h.  */
| #define PACKAGE_NAME "glog"
| #define PACKAGE_TARNAME "glog"
| #define PACKAGE_VERSION "0.4.0"
| #define PACKAGE_STRING "glog 0.4.0"
| #define PACKAGE_BUGREPORT "opensource@google.com"
| #define PACKAGE "glog"
| #define VERSION "0.4.0"
| #define HAVE_SYS_TYPES_H 1
| #define HAVE_SYS_STAT_H 1
| #define HAVE_STDLIB_H 1
| #define HAVE_STRING_H 1
| #define HAVE_MEMORY_H 1
| #define HAVE_STRINGS_H 1
| #define HAVE_INTTYPES_H 1
| #define HAVE_STDINT_H 1
| #define HAVE_UNISTD_H 1
| #define HAVE_DLFCN_H 1
| #define LT_OBJDIR ".libs/"
| #define HAVE_UNISTD_H 1
| #define HAVE_SYSCALL_H 1
| #define HAVE_SYS_SYSCALL_H 1
| #define HAVE_EXECINFO_H 1
| #define HAVE_UCONTEXT_H 1
| #define HAVE_SYS_UTSNAME_H 1
| #define HAVE_PWD_H 1
| #define HAVE_SYSLOG_H 1
| #define HAVE_SYS_TIME_H 1
| #define HAVE_GLOB_H 1
| #define HAVE_UNWIND_H 1
| #define SIZEOF_VOID_P 8
| #define HAVE_SIGALTSTACK 1
| #define HAVE_SIGACTION 1
| #define HAVE_FCNTL 1
| #define HAVE_PREAD 1
| #define HAVE_PWRITE 1
| #define HAVE___ATTRIBUTE__ 1
| #define HAVE___BUILTIN_EXPECT 1
| #define HAVE___SYNC_VAL_COMPARE_AND_SWAP 1
| /* end confdefs.h.  */
| #include <pthread.h>
| int
| main ()
| {
| pthread_t th; pthread_join(th, 0);
|                      pthread_attr_init(0); pthread_cleanup_push(0, 0);
|                      pthread_create(0,0,0,0); pthread_cleanup_pop(0);
|   ;
|   return 0;
| }
configure:19816: result: no
configure:19693: checking whether pthreads work with -pthread
configure:19786: gcc -o conftest -g -O2 -pthread   conftest.c   >&5
configure:19793: $? = 0
configure:19816: result: yes
configure:19835: checking for joinable pthread attribute
configure:19860: gcc -o conftest -g -O2 -pthread   conftest.c   >&5
configure:19867: $? = 0
configure:19887: result: PTHREAD_CREATE_JOINABLE
configure:19897: checking if more special flags are required for pthreads
configure:19904: result: no
configure:19993: checking whether to check for GCC pthread/shared inconsistencies
configure:20016: gcc -o conftest -shared -fPIC -Wl,-z,defs -g -O2 -pthread   conftest.c   >&5
configure:20023: $? = 0
configure:20047: result: yes
configure:20053: checking whether -pthread is sufficient with -shared
configure:20078: gcc -o conftest -shared -fPIC -Wl,-z,defs -g -O2 -pthread   conftest.c   >&5
configure:20085: $? = 0
configure:20106: result: yes
configure:20290: checking for pthread_self in -lpthread
configure:20325: g++ -o conftest -g -O2   conftest.cpp -lpthread   >&5
configure:20332: $? = 0
configure:20353: result: yes
configure:20379: checking for main in -lgflags
configure:20408: g++ -o conftest -g -O2   conftest.cpp -lgflags  -lpthread  >&5
/usr/bin/ld: cannot find -lgflags
collect2: ld returned 1 exit status
configure:20415: $? = 1
configure: failed program was:
| /* confdefs.h.  */
| #define PACKAGE_NAME "glog"
| #define PACKAGE_TARNAME "glog"
| #define PACKAGE_VERSION "0.4.0"
| #define PACKAGE_STRING "glog 0.4.0"
| #define PACKAGE_BUGREPORT "opensource@google.com"
| #define PACKAGE "glog"
| #define VERSION "0.4.0"
| #define HAVE_SYS_TYPES_H 1
| #define HAVE_SYS_STAT_H 1
| #define HAVE_STDLIB_H 1
| #define HAVE_STRING_H 1
| #define HAVE_MEMORY_H 1
| #define HAVE_STRINGS_H 1
| #define HAVE_INTTYPES_H 1
| #define HAVE_STDINT_H 1
| #define HAVE_UNISTD_H 1
| #define HAVE_DLFCN_H 1
| #define LT_OBJDIR ".libs/"
| #define HAVE_UNISTD_H 1
| #define HAVE_SYSCALL_H 1
| #define HAVE_SYS_SYSCALL_H 1
| #define HAVE_EXECINFO_H 1
| #define HAVE_UCONTEXT_H 1
| #define HAVE_SYS_UTSNAME_H 1
| #define HAVE_PWD_H 1
| #define HAVE_SYSLOG_H 1
| #define HAVE_SYS_TIME_H 1
| #define HAVE_GLOB_H 1
| #define HAVE_UNWIND_H 1
| #define SIZEOF_VOID_P 8
| #define HAVE_SIGALTSTACK 1
| #define HAVE_SIGACTION 1
| #define HAVE_FCNTL 1
| #define HAVE_PREAD 1
| #define HAVE_PWRITE 1
| #define HAVE___ATTRIBUTE__ 1
| #define HAVE___BUILTIN_EXPECT 1
| #define HAVE___SYNC_VAL_COMPARE_AND_SWAP 1
| #define HAVE_PTHREAD 1
| #define HAVE_LIBPTHREAD 1
| /* end confdefs.h.  */
| 
| 
| int
| main ()
| {
| return main ();
|   ;
|   return 0;
| }
configure:20436: result: no
configure:20465: checking for gtest-config
configure:20495: result: no
configure:20500: checking for main in -lgtest
configure:20529: g++ -o conftest -g -O2   conftest.cpp -lgtest  -lpthread  >&5
/usr/bin/ld: cannot find -lgtest
collect2: ld returned 1 exit status
configure:20536: $? = 1
configure: failed program was:
| /* confdefs.h.  */
| #define PACKAGE_NAME "glog"
| #define PACKAGE_TARNAME "glog"
| #define PACKAGE_VERSION "0.4.0"
| #define PACKAGE_STRING "glog 0.4.0"
| #define PACKAGE_BUGREPORT "opensource@google.com"
| #define PACKAGE "glog"
| #define VERSION "0.4.0"
| #define HAVE_SYS_TYPES_H 1
| #define HAVE_SYS_STAT_H 1
| #define HAVE_STDLIB_H 1
| #define HAVE_STRING_H 1
| #define HAVE_MEMORY_H 1
| #define HAVE_STRINGS_H 1
| #define HAVE_INTTYPES_H 1
| #define HAVE_STDINT_H 1
| #define HAVE_UNISTD_H 1
| #define HAVE_DLFCN_H 1
| #define LT_OBJDIR ".libs/"
| #define HAVE_UNISTD_H 1
| #define HAVE_SYSCALL_H 1
| #define HAVE_SYS_SYSCALL_H 1
| #define HAVE_EXECINFO_H 1
| #define HAVE_UCONTEXT_H 1
| #define HAVE_SYS_UTSNAME_H 1
| #define HAVE_PWD_H 1
| #define HAVE_SYSLOG_H 1
| #define HAVE_SYS_TIME_H 1
| #define HAVE_GLOB_H 1
| #define HAVE_UNWIND_H 1
| #define SIZEOF_VOID_P 8
| #define HAVE_SIGALTSTACK 1
| #define HAVE_SIGACTION 1
| #define HAVE_FCNTL 1
| #define HAVE_PREAD 1
| #define HAVE_PWRITE 1
| #define HAVE___ATTRIBUTE__ 1
| #define HAVE___BUILTIN_EXPECT 1
| #define HAVE___SYNC_VAL_COMPARE_AND_SWAP 1
| #define HAVE_PTHREAD 1
| #define HAVE_LIBPTHREAD 1
| /* end confdefs.h.  */
| 
| 
| int
| main ()
| {
| return main ();
|   ;
|   return 0;
| }
configure:20557: result: no
configure:20725: checking support for pthread_rwlock_* functions
configure:20761: gcc -c -g -O2  conftest.c >&5
configure:20768: $? = 0
configure:20790: result: yes
configure:20803: checking whether the compiler implements namespaces
configure:20837: g++ -c -g -O2  conftest.cpp >&5
configure:20844: $? = 0
configure:20865: result: yes
configure:20874: checking what namespace STL code is in
configure:20908: g++ -c -g -O2  conftest.cpp >&5
conftest.cpp: In function 'int main()':
conftest.cpp:49: error: 'vector' was not declared in this scope
conftest.cpp:49: error: expected primary-expression before 'int'
conftest.cpp:49: error: expected ';' before 'int'
configure:20915: $? = 1
configure: failed program was:
| /* confdefs.h.  */
| #define PACKAGE_NAME "glog"
| #define PACKAGE_TARNAME "glog"
| #define PACKAGE_VERSION "0.4.0"
| #define PACKAGE_STRING "glog 0.4.0"
| #define PACKAGE_BUGREPORT "opensource@google.com"
| #define PACKAGE "glog"
| #define VERSION "0.4.0"
| #define HAVE_SYS_TYPES_H 1
| #define HAVE_SYS_STAT_H 1
| #define HAVE_STDLIB_H 1
| #define HAVE_STRING_H 1
| #define HAVE_MEMORY_H 1
| #define HAVE_STRINGS_H 1
| #define HAVE_INTTYPES_H 1
| #define HAVE_STDINT_H 1
| #define HAVE_UNISTD_H 1
| #define HAVE_DLFCN_H 1
| #define LT_OBJDIR ".libs/"
| #define HAVE_UNISTD_H 1
| #define HAVE_SYSCALL_H 1
| #define HAVE_SYS_SYSCALL_H 1
| #define HAVE_EXECINFO_H 1
| #define HAVE_UCONTEXT_H 1
| #define HAVE_SYS_UTSNAME_H 1
| #define HAVE_PWD_H 1
| #define HAVE_SYSLOG_H 1
| #define HAVE_SYS_TIME_H 1
| #define HAVE_GLOB_H 1
| #define HAVE_UNWIND_H 1
| #define SIZEOF_VOID_P 8
| #define HAVE_SIGALTSTACK 1
| #define HAVE_SIGACTION 1
| #define HAVE_FCNTL 1
| #define HAVE_PREAD 1
| #define HAVE_PWRITE 1
| #define HAVE___ATTRIBUTE__ 1
| #define HAVE___BUILTIN_EXPECT 1
| #define HAVE___SYNC_VAL_COMPARE_AND_SWAP 1
| #define HAVE_PTHREAD 1
| #define HAVE_LIBPTHREAD 1
| #define HAVE_RWLOCK 1
| #define HAVE_NAMESPACES 1
| /* end confdefs.h.  */
| #include <vector>
| int
| main ()
| {
| vector<int> t; return 0;
|   ;
|   return 0;
| }
configure:20950: g++ -c -g -O2  conftest.cpp >&5
configure:20957: $? = 0
configure:20978: result: std
configure:21033: checking whether compiler supports using ::operator<<
configure:21067: g++ -c -g -O2  conftest.cpp >&5
configure:21074: $? = 0
configure:21095: result: 1
configure:21110: checking for ucontext.h
configure:21117: result: yes
configure:21272: checking sys/ucontext.h usability
configure:21289: g++ -c -g -O2  conftest.cpp >&5
configure:21296: $? = 0
configure:21310: result: yes
configure:21314: checking sys/ucontext.h presence
configure:21329: g++ -E  conftest.cpp
configure:21336: $? = 0
configure:21350: result: yes
configure:21383: checking for sys/ucontext.h
configure:21392: result: yes
configure:21407: checking how to access the program counter from a struct ucontext
configure:21452: g++ -c -g -O2  conftest.cpp >&5
conftest.cpp: In function 'int main()':
conftest.cpp:57: error: 'REG_PC' was not declared in this scope
configure:21459: $? = 1
configure: failed program was:
| /* confdefs.h.  */
| #define PACKAGE_NAME "glog"
| #define PACKAGE_TARNAME "glog"
| #define PACKAGE_VERSION "0.4.0"
| #define PACKAGE_STRING "glog 0.4.0"
| #define PACKAGE_BUGREPORT "opensource@google.com"
| #define PACKAGE "glog"
| #define VERSION "0.4.0"
| #define HAVE_SYS_TYPES_H 1
| #define HAVE_SYS_STAT_H 1
| #define HAVE_STDLIB_H 1
| #define HAVE_STRING_H 1
| #define HAVE_MEMORY_H 1
| #define HAVE_STRINGS_H 1
| #define HAVE_INTTYPES_H 1
| #define HAVE_STDINT_H 1
| #define HAVE_UNISTD_H 1
| #define HAVE_DLFCN_H 1
| #define LT_OBJDIR ".libs/"
| #define HAVE_UNISTD_H 1
| #define HAVE_SYSCALL_H 1
| #define HAVE_SYS_SYSCALL_H 1
| #define HAVE_EXECINFO_H 1
| #define HAVE_UCONTEXT_H 1
| #define HAVE_SYS_UTSNAME_H 1
| #define HAVE_PWD_H 1
| #define HAVE_SYSLOG_H 1
| #define HAVE_SYS_TIME_H 1
| #define HAVE_GLOB_H 1
| #define HAVE_UNWIND_H 1
| #define SIZEOF_VOID_P 8
| #define HAVE_SIGALTSTACK 1
| #define HAVE_SIGACTION 1
| #define HAVE_FCNTL 1
| #define HAVE_PREAD 1
| #define HAVE_PWRITE 1
| #define HAVE___ATTRIBUTE__ 1
| #define HAVE___BUILTIN_EXPECT 1
| #define HAVE___SYNC_VAL_COMPARE_AND_SWAP 1
| #define HAVE_PTHREAD 1
| #define HAVE_LIBPTHREAD 1
| #define HAVE_RWLOCK 1
| #define HAVE_NAMESPACES 1
| #define STL_NAMESPACE std
| #define GOOGLE_NAMESPACE google
| #define _START_GOOGLE_NAMESPACE_ namespace google {
| #define _END_GOOGLE_NAMESPACE_ }
| #define HAVE_USING_OPERATOR 1
| #define HAVE_UCONTEXT_H 1
| #define HAVE_SYS_UCONTEXT_H 1
| /* end confdefs.h.  */
| #define _GNU_SOURCE 1
|                          #include <sys/ucontext.h>
| int
| main ()
| {
| ucontext_t u; return u.uc_mcontext.gregs[REG_PC] == 0;
|   ;
|   return 0;
| }
configure:21452: g++ -c -g -O2  conftest.cpp >&5
conftest.cpp: In function 'int main()':
conftest.cpp:57: error: 'REG_EIP' was not declared in this scope
configure:21459: $? = 1
configure: failed program was:
| /* confdefs.h.  */
| #define PACKAGE_NAME "glog"
| #define PACKAGE_TARNAME "glog"
| #define PACKAGE_VERSION "0.4.0"
| #define PACKAGE_STRING "glog 0.4.0"
| #define PACKAGE_BUGREPORT "opensource@google.com"
| #define PACKAGE "glog"
| #define VERSION "0.4.0"
| #define HAVE_SYS_TYPES_H 1
| #define HAVE_SYS_STAT_H 1
| #define HAVE_STDLIB_H 1
| #define HAVE_STRING_H 1
| #define HAVE_MEMORY_H 1
| #define HAVE_STRINGS_H 1
| #define HAVE_INTTYPES_H 1
| #define HAVE_STDINT_H 1
| #define HAVE_UNISTD_H 1
| #define HAVE_DLFCN_H 1
| #define LT_OBJDIR ".libs/"
| #define HAVE_UNISTD_H 1
| #define HAVE_SYSCALL_H 1
| #define HAVE_SYS_SYSCALL_H 1
| #define HAVE_EXECINFO_H 1
| #define HAVE_UCONTEXT_H 1
| #define HAVE_SYS_UTSNAME_H 1
| #define HAVE_PWD_H 1
| #define HAVE_SYSLOG_H 1
| #define HAVE_SYS_TIME_H 1
| #define HAVE_GLOB_H 1
| #define HAVE_UNWIND_H 1
| #define SIZEOF_VOID_P 8
| #define HAVE_SIGALTSTACK 1
| #define HAVE_SIGACTION 1
| #define HAVE_FCNTL 1
| #define HAVE_PREAD 1
| #define HAVE_PWRITE 1
| #define HAVE___ATTRIBUTE__ 1
| #define HAVE___BUILTIN_EXPECT 1
| #define HAVE___SYNC_VAL_COMPARE_AND_SWAP 1
| #define HAVE_PTHREAD 1
| #define HAVE_LIBPTHREAD 1
| #define HAVE_RWLOCK 1
| #define HAVE_NAMESPACES 1
| #define STL_NAMESPACE std
| #define GOOGLE_NAMESPACE google
| #define _START_GOOGLE_NAMESPACE_ namespace google {
| #define _END_GOOGLE_NAMESPACE_ }
| #define HAVE_USING_OPERATOR 1
| #define HAVE_UCONTEXT_H 1
| #define HAVE_SYS_UCONTEXT_H 1
| /* end confdefs.h.  */
| #define _GNU_SOURCE 1
|                          #include <sys/ucontext.h>
| int
| main ()
| {
| ucontext_t u; return u.uc_mcontext.gregs[REG_EIP] == 0;
|   ;
|   return 0;
| }
configure:21452: g++ -c -g -O2  conftest.cpp >&5
configure:21459: $? = 0
configure:21469: result: uc_mcontext.gregs[REG_RIP]
configure:21818: creating ./config.status

## ---------------------- ##
## Running config.status. ##
## ---------------------- ##

This file was extended by glog config.status 0.4.0, which was
generated by GNU Autoconf 2.63.  Invocation command line was

  CONFIG_FILES    = 
  CONFIG_HEADERS  = 
  CONFIG_LINKS    = 
  CONFIG_COMMANDS = 
  $ ./config.status 

on localhost

config.status:1123: creating Makefile
config.status:1123: creating src/glog/logging.h
config.status:1123: creating src/glog/raw_logging.h
config.status:1123: creating src/glog/vlog_is_on.h
config.status:1123: creating src/glog/stl_logging.h
config.status:1123: creating libglog.pc
config.status:1123: creating src/config.h
config.status:1397: executing depfiles commands
config.status:1397: executing libtool commands

## ---------------- ##
## Cache variables. ##
## ---------------- ##

ac_cv___attribute__=yes
ac_cv___attribute___noinline='__attribute__ ((noinline))'
ac_cv___attribute___noreturn='__attribute__ ((noreturn))'
ac_cv___attribute___printf_4_5='__attribute__((__format__ (__printf__, 4, 5)))'
ac_cv___builtin_expect=yes
ac_cv___sync_val_compare_and_swap=yes
ac_cv_build=x86_64-unknown-linux-gnu
ac_cv_c_compiler_gnu=yes
ac_cv_cxx_compiler_gnu=yes
ac_cv_cxx_namespaces=yes
ac_cv_cxx_stl_namespace=std
ac_cv_cxx_using_operator=1
ac_cv_env_CCC_set=
ac_cv_env_CCC_value=
ac_cv_env_CC_set=
ac_cv_env_CC_value=
ac_cv_env_CFLAGS_set=
ac_cv_env_CFLAGS_value=
ac_cv_env_CPPFLAGS_set=
ac_cv_env_CPPFLAGS_value=
ac_cv_env_CPP_set=
ac_cv_env_CPP_value=
ac_cv_env_CXXCPP_set=
ac_cv_env_CXXCPP_value=
ac_cv_env_CXXFLAGS_set=
ac_cv_env_CXXFLAGS_value=
ac_cv_env_CXX_set=
ac_cv_env_CXX_value=
ac_cv_env_LDFLAGS_set=
ac_cv_env_LDFLAGS_value=
ac_cv_env_LIBS_set=
ac_cv_env_LIBS_value=
ac_cv_env_build_alias_set=
ac_cv_env_build_alias_value=
ac_cv_env_host_alias_set=
ac_cv_env_host_alias_value=
ac_cv_env_target_alias_set=
ac_cv_env_target_alias_value=
ac_cv_func_dladdr=no
ac_cv_func_fcntl=yes
ac_cv_func_pread=yes
ac_cv_func_pwrite=yes
ac_cv_func_sigaction=yes
ac_cv_func_sigaltstack=yes
ac_cv_have___builtin_expect=1
ac_cv_have___uint16=0
ac_cv_have_inttypes_h=1
ac_cv_have_libgflags=0
ac_cv_have_libunwind_h=0
ac_cv_have_pwd_h=1
ac_cv_have_stdint_h=1
ac_cv_have_systypes_h=1
ac_cv_have_u_int16_t=1
ac_cv_have_uint16_t=1
ac_cv_have_unistd_h=1
ac_cv_have_windows_h=0
ac_cv_header_dlfcn_h=yes
ac_cv_header_execinfo_h=yes
ac_cv_header_glob_h=yes
ac_cv_header_inttypes_h=yes
ac_cv_header_libunwind_h=no
ac_cv_header_memory_h=yes
ac_cv_header_pwd_h=yes
ac_cv_header_stdc=no
ac_cv_header_stdint_h=yes
ac_cv_header_stdlib_h=yes
ac_cv_header_string_h=yes
ac_cv_header_strings_h=yes
ac_cv_header_sys_stat_h=yes
ac_cv_header_sys_syscall_h=yes
ac_cv_header_sys_time_h=yes
ac_cv_header_sys_types_h=yes
ac_cv_header_sys_ucontext_h=yes
ac_cv_header_sys_utsname_h=yes
ac_cv_header_syscall_h=yes
ac_cv_header_syslog_h=yes
ac_cv_header_ucontext_h=yes
ac_cv_header_unistd_h=yes
ac_cv_header_unwind_h=yes
ac_cv_header_windows_h=no
ac_cv_host=x86_64-unknown-linux-gnu
ac_cv_lib_gflags_main=no
ac_cv_lib_gtest_main=no
ac_cv_lib_pthread_pthread_self=yes
ac_cv_objext=o
ac_cv_path_EGREP='/bin/grep -E'
ac_cv_path_FGREP='/bin/grep -F'
ac_cv_path_GREP=/bin/grep
ac_cv_path_SED=/bin/sed
ac_cv_path_install='/usr/bin/install -c'
ac_cv_path_mkdir=/bin/mkdir
ac_cv_prog_AWK=gawk
ac_cv_prog_CPP='gcc -E'
ac_cv_prog_CXXCPP='g++ -E'
ac_cv_prog_ac_ct_AR=ar
ac_cv_prog_ac_ct_CC=gcc
ac_cv_prog_ac_ct_CXX=g++
ac_cv_prog_ac_ct_OBJDUMP=objdump
ac_cv_prog_ac_ct_RANLIB=ranlib
ac_cv_prog_ac_ct_STRIP=strip
ac_cv_prog_cc_c89=
ac_cv_prog_cc_g=yes
ac_cv_prog_cxx_g=yes
ac_cv_prog_make_make_set=yes
ac_cv_rwlock=yes
ac_cv_sizeof_void_p=8
ac_cv_type___uint16=no
ac_cv_type_u_int16_t=yes
ac_cv_type_uint16_t=yes
am_cv_CC_dependencies_compiler_type=gcc3
am_cv_CXX_dependencies_compiler_type=gcc3
lt_cv_deplibs_check_method=pass_all
lt_cv_file_magic_cmd='$MAGIC_CMD'
lt_cv_file_magic_test_file=
lt_cv_ld_reload_flag=-r
lt_cv_nm_interface='BSD nm'
lt_cv_objdir=.libs
lt_cv_path_LD=/usr/bin/ld
lt_cv_path_LDCXX='/usr/bin/ld -m elf_x86_64'
lt_cv_path_NM='/usr/bin/nm -B'
lt_cv_prog_compiler_c_o=yes
lt_cv_prog_compiler_c_o_CXX=yes
lt_cv_prog_compiler_pic_works=yes
lt_cv_prog_compiler_pic_works_CXX=yes
lt_cv_prog_compiler_rtti_exceptions=no
lt_cv_prog_compiler_static_works=no
lt_cv_prog_compiler_static_works_CXX=no
lt_cv_prog_gnu_ld=yes
lt_cv_prog_gnu_ldcxx=yes
lt_cv_sys_global_symbol_pipe='sed -n -e '\''s/^.*[	 ]\([ABCDGIRSTW][ABCDGIRSTW]*\)[	 ][	 ]*\([_A-Za-z][_A-Za-z0-9]*\)$/\1 \2 \2/p'\'''
lt_cv_sys_global_symbol_to_c_name_address='sed -n -e '\''s/^: \([^ ]*\) $/  {\"\1\", (void *) 0},/p'\'' -e '\''s/^[ABCDGIRSTW]* \([^ ]*\) \([^ ]*\)$/  {"\2", (void *) \&\2},/p'\'''
lt_cv_sys_global_symbol_to_c_name_address_lib_prefix='sed -n -e '\''s/^: \([^ ]*\) $/  {\"\1\", (void *) 0},/p'\'' -e '\''s/^[ABCDGIRSTW]* \([^ ]*\) \(lib[^ ]*\)$/  {"\2", (void *) \&\2},/p'\'' -e '\''s/^[ABCDGIRSTW]* \([^ ]*\) \([^ ]*\)$/  {"lib\2", (void *) \&\2},/p'\'''
lt_cv_sys_global_symbol_to_cdecl='sed -n -e '\''s/^T .* \(.*\)$/extern int \1();/p'\'' -e '\''s/^[ABCDGIRSTW]* .* \(.*\)$/extern char \1;/p'\'''
lt_cv_sys_max_cmd_len=1966080

## ----------------- ##
## Output variables. ##
## ----------------- ##

ACLOCAL='${SHELL} /home/xwq/glog/missing --run aclocal-1.11'
AMDEPBACKSLASH='\'
AMDEP_FALSE='#'
AMDEP_TRUE=''
AMTAR='${SHELL} /home/xwq/glog/missing --run tar'
AR='ar'
AUTOCONF='${SHELL} /home/xwq/glog/missing --run autoconf'
AUTOHEADER='${SHELL} /home/xwq/glog/missing --run autoheader'
AUTOMAKE='${SHELL} /home/xwq/glog/missing --run automake-1.11'
AWK='gawk'
CC='gcc'
CCDEPMODE='depmode=gcc3'
CFLAGS='-g -O2'
CPP='gcc -E'
CPPFLAGS=''
CXX='g++'
CXXCPP='g++ -E'
CXXDEPMODE='depmode=gcc3'
CXXFLAGS='-g -O2'
CYGPATH_W='echo'
DEFS='-DHAVE_CONFIG_H'
DEPDIR='.deps'
DISABLE_RTTI_FALSE=''
DISABLE_RTTI_TRUE='#'
DSYMUTIL=''
DUMPBIN=''
ECHO_C=''
ECHO_N='-n'
ECHO_T=''
EGREP='/bin/grep -E'
ENABLE_FRAME_POINTERS_FALSE=''
ENABLE_FRAME_POINTERS_TRUE='#'
EXEEXT=''
FGREP='/bin/grep -F'
GCC_FALSE='#'
GCC_TRUE=''
GFLAGS_CFLAGS=''
GFLAGS_LIBS=''
GMOCK_CFLAGS=''
GMOCK_CONFIG=''
GMOCK_LIBS=''
GREP='/bin/grep'
GTEST_CFLAGS=''
GTEST_CONFIG=''
GTEST_LIBS=''
HAVE_GMOCK_FALSE=''
HAVE_GMOCK_TRUE='#'
INSTALL_DATA='${INSTALL} -m 644'
INSTALL_PROGRAM='${INSTALL}'
INSTALL_SCRIPT='${INSTALL}'
INSTALL_STRIP_PROGRAM='$(install_sh) -c -s'
LD='/usr/bin/ld -m elf_x86_64'
LDFLAGS=''
LIBOBJS=''
LIBS='-lpthread '
LIBTOOL='$(SHELL) $(top_builddir)/libtool'
LIBTOOL_DEPS='./ltmain.sh'
LIPO=''
LN_S='ln -s'
LTLIBOBJS=''
MAKEINFO='${SHELL} /home/xwq/glog/missing --run makeinfo'
MINGW_CFLAGS=''
MKDIR_P='/bin/mkdir -p'
NM='/usr/bin/nm -B'
NMEDIT=''
OBJDUMP='objdump'
OBJEXT='o'
OTOOL64=''
OTOOL=''
PACKAGE='glog'
PACKAGE_BUGREPORT='opensource@google.com'
PACKAGE_NAME='glog'
PACKAGE_STRING='glog 0.4.0'
PACKAGE_TARNAME='glog'
PACKAGE_VERSION='0.4.0'
PATH_SEPARATOR=':'
PTHREAD_CC='gcc'
PTHREAD_CFLAGS='-pthread'
PTHREAD_LIBS=''
RANLIB='ranlib'
SED='/bin/sed'
SET_MAKE=''
SHELL='/bin/sh'
STRIP='strip'
UNWIND_LIBS=''
VERSION='0.4.0'
X86_64_FALSE='#'
X86_64_TRUE=''
ac_ct_CC='gcc'
ac_ct_CXX='g++'
ac_ct_DUMPBIN=''
ac_cv___attribute___noinline='__attribute__ ((noinline))'
ac_cv___attribute___noreturn='__attribute__ ((noreturn))'
ac_cv___attribute___printf_4_5='__attribute__((__format__ (__printf__, 4, 5)))'
ac_cv_cxx_using_operator='1'
ac_cv_have___builtin_expect='1'
ac_cv_have___uint16='0'
ac_cv_have_inttypes_h='1'
ac_cv_have_libgflags='0'
ac_cv_have_stdint_h='1'
ac_cv_have_systypes_h='1'
ac_cv_have_u_int16_t='1'
ac_cv_have_uint16_t='1'
ac_cv_have_unistd_h='1'
ac_google_end_namespace='}'
ac_google_namespace='google'
ac_google_start_namespace='namespace google {'
acx_pthread_config=''
am__EXEEXT_FALSE=''
am__EXEEXT_TRUE='#'
am__fastdepCC_FALSE='#'
am__fastdepCC_TRUE=''
am__fastdepCXX_FALSE='#'
am__fastdepCXX_TRUE=''
am__include='include'
am__isrc=''
am__leading_dot='.'
am__quote=''
am__tar='${AMTAR} chof - "$$tardir"'
am__untar='${AMTAR} xf -'
bindir='${exec_prefix}/bin'
build='x86_64-unknown-linux-gnu'
build_alias=''
build_cpu='x86_64'
build_os='linux-gnu'
build_vendor='unknown'
datadir='${datarootdir}'
datarootdir='${prefix}/share'
docdir='${datarootdir}/doc/${PACKAGE_TARNAME}'
dvidir='${docdir}'
exec_prefix='${prefix}'
host='x86_64-unknown-linux-gnu'
host_alias=''
host_cpu='x86_64'
host_os='linux-gnu'
host_vendor='unknown'
htmldir='${docdir}'
includedir='${prefix}/include'
infodir='${datarootdir}/info'
install_sh='${SHELL} /home/xwq/glog/install-sh'
libdir='${exec_prefix}/lib'
libexecdir='${exec_prefix}/libexec'
localedir='${datarootdir}/locale'
localstatedir='${prefix}/var'
lt_ECHO='echo'
mandir='${datarootdir}/man'
mkdir_p='/bin/mkdir -p'
oldincludedir='/usr/include'
pdfdir='${docdir}'
prefix='/usr/local'
program_transform_name='s,x,x,'
psdir='${docdir}'
sbindir='${exec_prefix}/sbin'
sharedstatedir='${prefix}/com'
sysconfdir='${prefix}/etc'
target_alias=''

## ----------- ##
## confdefs.h. ##
## ----------- ##

#define PACKAGE_NAME "glog"
#define PACKAGE_TARNAME "glog"
#define PACKAGE_VERSION "0.4.0"
#define PACKAGE_STRING "glog 0.4.0"
#define PACKAGE_BUGREPORT "opensource@google.com"
#define PACKAGE "glog"
#define VERSION "0.4.0"
#define HAVE_SYS_TYPES_H 1
#define HAVE_SYS_STAT_H 1
#define HAVE_STDLIB_H 1
#define HAVE_STRING_H 1
#define HAVE_MEMORY_H 1
#define HAVE_STRINGS_H 1
#define HAVE_INTTYPES_H 1
#define HAVE_STDINT_H 1
#define HAVE_UNISTD_H 1
#define HAVE_DLFCN_H 1
#define LT_OBJDIR ".libs/"
#define HAVE_UNISTD_H 1
#define HAVE_SYSCALL_H 1
#define HAVE_SYS_SYSCALL_H 1
#define HAVE_EXECINFO_H 1
#define HAVE_UCONTEXT_H 1
#define HAVE_SYS_UTSNAME_H 1
#define HAVE_PWD_H 1
#define HAVE_SYSLOG_H 1
#define HAVE_SYS_TIME_H 1
#define HAVE_GLOB_H 1
#define HAVE_UNWIND_H 1
#define SIZEOF_VOID_P 8
#define HAVE_SIGALTSTACK 1
#define HAVE_SIGACTION 1
#define HAVE_FCNTL 1
#define HAVE_PREAD 1
#define HAVE_PWRITE 1
#define HAVE___ATTRIBUTE__ 1
#define HAVE___BUILTIN_EXPECT 1
#define HAVE___SYNC_VAL_COMPARE_AND_SWAP 1
#define HAVE_PTHREAD 1
#define HAVE_LIBPTHREAD 1
#define HAVE_RWLOCK 1
#define HAVE_NAMESPACES 1
#define STL_NAMESPACE std
#define GOOGLE_NAMESPACE google
#define _START_GOOGLE_NAMESPACE_ namespace google {
#define _END_GOOGLE_NAMESPACE_ }
#define HAVE_USING_OPERATOR 1
#define HAVE_UCONTEXT_H 1
#define HAVE_SYS_UCONTEXT_H 1
#define PC_FROM_UCONTEXT uc_mcontext.gregs[REG_RIP]
#define TEST_SRC_DIR "."

configure: exit 0
